<?xml version="1.0" encoding="utf-8"?><testsuites name="pytest tests"><testsuite name="pytest" errors="0" failures="0" skipped="0" tests="23" time="7.595" timestamp="2026-06-19T17:25:17.651165+00:00" hostname="agent-env-593002b8-49c7-4061-aef9-af134e366183"><testcase classname="backend.tests.test_phase4_cart.TestCatalogUpsellItems" name="test_registration_fee_in_catalog" time="0.269" /><testcase classname="backend.tests.test_phase4_cart.TestCatalogUpsellItems" name="test_documentation_fee_in_catalog" time="0.132" /><testcase classname="backend.tests.test_phase4_cart.TestCartCRUD" name="test_add_creates_token_and_returns_added_true" time="0.117" /><testcase classname="backend.tests.test_phase4_cart.TestCartCRUD" name="test_add_duplicate_returns_added_false" time="0.251" /><testcase classname="backend.tests.test_phase4_cart.TestCartCRUD" name="test_add_upsell_directly_returns_400" time="0.144" /><testcase classname="backend.tests.test_phase4_cart.TestCartCRUD" name="test_add_unknown_package_returns_400" time="0.102" /><testcase classname="backend.tests.test_phase4_cart.TestCartCRUD" name="test_get_cart_returns_items_and_subtotal" time="0.386" /><testcase classname="backend.tests.test_phase4_cart.TestCartCRUD" name="test_get_cart_empty_token_returns_empty" time="0.132" /><testcase classname="backend.tests.test_phase4_cart.TestCartCRUD" name="test_get_cart_unknown_token_returns_empty" time="0.094" /><testcase classname="backend.tests.test_phase4_cart.TestCartCRUD" name="test_delete_cart_item" time="0.419" /><testcase classname="backend.tests.test_phase4_cart.TestCartUpsell" name="test_upsell_new_customer_is_first_time" time="0.101" /><testcase classname="backend.tests.test_phase4_cart.TestCartUpsell" name="test_upsell_existing_paid_customer_is_not_first_time" time="0.114" /><testcase classname="backend.tests.test_phase4_cart.TestCartCheckout" name="test_checkout_with_upsell_first_time_buyer" time="0.862" /><testcase classname="backend.tests.test_phase4_cart.TestCartCheckout" name="test_checkout_without_upsell" time="0.642" /><testcase classname="backend.tests.test_phase4_cart.TestCartCheckout" name="test_empty_cart_returns_400" time="0.104" /><testcase classname="backend.tests.test_phase4_cart.TestCartCheckout" name="test_mixed_currency_returns_400" time="0.333" /><testcase classname="backend.tests.test_phase4_cart.TestCartFinalizeClientNo" name="test_finalize_real_call_path_exists" time="0.314" /><testcase classname="backend.tests.test_phase4_cart.TestDirectCheckoutRegression" name="test_direct_checkout_still_works[semi_a1_1]" time="0.431" /><testcase classname="backend.tests.test_phase4_cart.TestDirectCheckoutRegression" name="test_direct_checkout_still_works[vip_a1_1]" time="0.491" /><testcase classname="backend.tests.test_phase4_cart.TestDirectCheckoutRegression" name="test_direct_checkout_still_works[bundle_a1_b1]" time="0.547" /><testcase classname="backend.tests.test_phase4_cart.TestDirectCheckoutRegression" name="test_direct_checkout_still_works[eng_a1_1]" time="0.521" /><testcase classname="backend.tests.test_phase4_cart.TestDirectCheckoutRegression" name="test_direct_checkout_still_works[vip_eng_b1_1]" time="0.449" /><testcase classname="backend.tests.test_phase4_cart.TestDirectCheckoutRegression" name="test_direct_checkout_still_works[bundle_eng_a1_b1]" time="0.460" /></testsuite></testsuites>