<?xml version="1.0" encoding="utf-8"?><testsuites name="pytest tests"><testsuite name="pytest" errors="0" failures="0" skipped="0" tests="53" time="6.417" timestamp="2026-06-19T17:27:35.265342+00:00" hostname="agent-env-593002b8-49c7-4061-aef9-af134e366183"><testcase classname="backend.tests.test_phase5_email_and_cart" name="test_cart_add_language_english_ids[eng_a1_1]" time="0.238" /><testcase classname="backend.tests.test_phase5_email_and_cart" name="test_cart_add_language_english_ids[eng_a1_2]" time="0.113" /><testcase classname="backend.tests.test_phase5_email_and_cart" name="test_cart_add_language_english_ids[eng_a2_1]" time="0.105" /><testcase classname="backend.tests.test_phase5_email_and_cart" name="test_cart_add_language_english_ids[eng_a2_2]" time="0.107" /><testcase classname="backend.tests.test_phase5_email_and_cart" name="test_cart_add_language_english_ids[eng_b1_1]" time="0.106" /><testcase classname="backend.tests.test_phase5_email_and_cart" name="test_cart_add_language_english_ids[eng_b1_2]" time="0.122" /><testcase classname="backend.tests.test_phase5_email_and_cart" name="test_cart_add_language_english_ids[eng_b2_1]" time="0.100" /><testcase classname="backend.tests.test_phase5_email_and_cart" name="test_cart_add_language_english_ids[eng_b2_2]" time="0.105" /><testcase classname="backend.tests.test_phase5_email_and_cart" name="test_cart_add_language_english_ids[vip_eng_a1_1]" time="0.100" /><testcase classname="backend.tests.test_phase5_email_and_cart" name="test_cart_add_language_english_ids[vip_eng_a1_2]" time="0.108" /><testcase classname="backend.tests.test_phase5_email_and_cart" name="test_cart_add_language_english_ids[vip_eng_a2_1]" time="0.099" /><testcase classname="backend.tests.test_phase5_email_and_cart" name="test_cart_add_language_english_ids[vip_eng_a2_2]" time="0.104" /><testcase classname="backend.tests.test_phase5_email_and_cart" name="test_cart_add_language_english_ids[vip_eng_b1_1]" time="0.111" /><testcase classname="backend.tests.test_phase5_email_and_cart" name="test_cart_add_language_english_ids[vip_eng_b1_2]" time="0.119" /><testcase classname="backend.tests.test_phase5_email_and_cart" name="test_cart_add_language_english_ids[vip_eng_b2_1]" time="0.099" /><testcase classname="backend.tests.test_phase5_email_and_cart" name="test_cart_add_language_english_ids[vip_eng_b2_2]" time="0.109" /><testcase classname="backend.tests.test_phase5_email_and_cart" name="test_cart_add_language_english_ids[vip_eng_c1_1]" time="0.105" /><testcase classname="backend.tests.test_phase5_email_and_cart" name="test_cart_add_language_english_ids[vip_eng_c1_2]" time="0.100" /><testcase classname="backend.tests.test_phase5_email_and_cart" name="test_cart_add_language_english_ids[bundle_eng_a1_a2]" time="0.101" /><testcase classname="backend.tests.test_phase5_email_and_cart" name="test_cart_add_language_english_ids[bundle_eng_a2_b1]" time="0.102" /><testcase classname="backend.tests.test_phase5_email_and_cart" name="test_cart_add_language_english_ids[bundle_eng_b1_b2]" time="0.109" /><testcase classname="backend.tests.test_phase5_email_and_cart" name="test_cart_add_language_english_ids[bundle_eng_a1_b1]" time="0.100" /><testcase classname="backend.tests.test_phase5_email_and_cart" name="test_cart_add_language_english_ids[bundle_eng_a1_b2]" time="0.144" /><testcase classname="backend.tests.test_phase5_email_and_cart" name="test_cart_add_language_english_ids[bundle_eng_a1_c1]" time="0.097" /><testcase classname="backend.tests.test_phase5_email_and_cart" name="test_cart_add_language_english_ids[bundle_eng_a2_b1_b2]" time="0.125" /><testcase classname="backend.tests.test_phase5_email_and_cart" name="test_cart_add_language_english_ids[bundle_eng_a2_c1]" time="0.105" /><testcase classname="backend.tests.test_phase5_email_and_cart" name="test_cart_add_language_english_ids[bundle_eng_b1_c1]" time="0.104" /><testcase classname="backend.tests.test_phase5_email_and_cart" name="test_cart_add_examprep_ids[prep_goethe_a1_int]" time="0.107" /><testcase classname="backend.tests.test_phase5_email_and_cart" name="test_cart_add_examprep_ids[prep_goethe_a1_ext]" time="0.114" /><testcase classname="backend.tests.test_phase5_email_and_cart" name="test_cart_add_examprep_ids[prep_goethe_a2_int]" time="0.110" /><testcase classname="backend.tests.test_phase5_email_and_cart" name="test_cart_add_examprep_ids[prep_goethe_a2_ext]" time="0.106" /><testcase classname="backend.tests.test_phase5_email_and_cart" name="test_cart_add_examprep_ids[prep_goethe_b1_int]" time="0.104" /><testcase classname="backend.tests.test_phase5_email_and_cart" name="test_cart_add_examprep_ids[prep_goethe_b1_ext]" time="0.112" /><testcase classname="backend.tests.test_phase5_email_and_cart" name="test_cart_add_examprep_ids[prep_goethe_b2_int]" time="0.108" /><testcase classname="backend.tests.test_phase5_email_and_cart" name="test_cart_add_examprep_ids[prep_goethe_b2_ext]" time="0.106" /><testcase classname="backend.tests.test_phase5_email_and_cart" name="test_cart_add_examprep_ids[prep_osd_a1_int]" time="0.134" /><testcase classname="backend.tests.test_phase5_email_and_cart" name="test_cart_add_examprep_ids[prep_osd_a1_ext]" time="0.114" /><testcase classname="backend.tests.test_phase5_email_and_cart" name="test_cart_add_examprep_ids[prep_osd_a2_int]" time="0.103" /><testcase classname="backend.tests.test_phase5_email_and_cart" name="test_cart_add_examprep_ids[prep_osd_a2_ext]" time="0.098" /><testcase classname="backend.tests.test_phase5_email_and_cart" name="test_cart_add_examprep_ids[prep_osd_b1_int]" time="0.099" /><testcase classname="backend.tests.test_phase5_email_and_cart" name="test_cart_add_examprep_ids[prep_osd_b1_ext]" time="0.104" /><testcase classname="backend.tests.test_phase5_email_and_cart" name="test_cart_add_examprep_ids[prep_osd_b2_int]" time="0.108" /><testcase classname="backend.tests.test_phase5_email_and_cart" name="test_cart_add_examprep_ids[prep_osd_b2_ext]" time="0.105" /><testcase classname="backend.tests.test_phase5_email_and_cart" name="test_cart_add_shop_gift_ids[gift_a1_1]" time="0.107" /><testcase classname="backend.tests.test_phase5_email_and_cart" name="test_cart_add_shop_gift_ids[gift_a1]" time="0.097" /><testcase classname="backend.tests.test_phase5_email_and_cart" name="test_cart_add_shop_gift_ids[gift_bundle_a1_b1]" time="0.097" /><testcase classname="backend.tests.test_phase5_email_and_cart" name="test_cart_add_shop_gift_ids[gift_25k]" time="0.138" /><testcase classname="backend.tests.test_phase5_email_and_cart" name="test_cart_add_shop_gift_ids[gift_50k]" time="0.110" /><testcase classname="backend.tests.test_phase5_email_and_cart" name="test_cart_add_shop_gift_ids[gift_100k]" time="0.106" /><testcase classname="backend.tests.test_phase5_email_and_cart" name="test_ensure_client_number_generates_mpk_format" time="0.269" /><testcase classname="backend.tests.test_phase5_email_and_cart" name="test_ensure_client_number_idempotent" time="0.010" /><testcase classname="backend.tests.test_phase5_email_and_cart" name="test_ensure_client_number_no_crash_when_resend_key_empty" time="0.006" /><testcase classname="backend.tests.test_phase5_email_and_cart" name="test_finalize_for_nonexistent_session_returns_404" time="0.536" /></testsuite></testsuites>