<?xml version="1.0" encoding="utf-8"?><testsuites name="pytest tests"><testsuite name="pytest" errors="0" failures="0" skipped="0" tests="48" time="20.602" timestamp="2026-06-19T16:36:53.483790+00:00" hostname="agent-env-593002b8-49c7-4061-aef9-af134e366183"><testcase classname="backend.tests.test_phase3_english_catalog.TestEnglishCatalog" name="test_all_english_ids_present" time="0.241" /><testcase classname="backend.tests.test_phase3_english_catalog.TestEnglishCatalog" name="test_english_amounts_match" time="0.000" /><testcase classname="backend.tests.test_phase3_english_catalog.TestEnglishCatalog" name="test_english_currency_xof" time="0.000" /><testcase classname="backend.tests.test_phase3_english_catalog.TestEnglishCatalog" name="test_no_duplicate_ids" time="0.119" /><testcase classname="backend.tests.test_phase3_english_catalog.TestEnglishCatalog" name="test_no_eng_id_collides_with_german" time="0.000" /><testcase classname="backend.tests.test_phase3_english_catalog.TestEnglishCatalog" name="test_german_regression_ids_still_present" time="0.000" /><testcase classname="backend.tests.test_phase3_english_catalog.TestEnglishStripeCheckout" name="test_eng_semi_checkout[eng_a1_1]" time="0.711" /><testcase classname="backend.tests.test_phase3_english_catalog.TestEnglishStripeCheckout" name="test_eng_semi_checkout[eng_a1_2]" time="0.454" /><testcase classname="backend.tests.test_phase3_english_catalog.TestEnglishStripeCheckout" name="test_eng_semi_checkout[eng_a2_1]" time="0.489" /><testcase classname="backend.tests.test_phase3_english_catalog.TestEnglishStripeCheckout" name="test_eng_semi_checkout[eng_a2_2]" time="0.478" /><testcase classname="backend.tests.test_phase3_english_catalog.TestEnglishStripeCheckout" name="test_eng_semi_checkout[eng_b1_1]" time="0.451" /><testcase classname="backend.tests.test_phase3_english_catalog.TestEnglishStripeCheckout" name="test_eng_semi_checkout[eng_b1_2]" time="0.544" /><testcase classname="backend.tests.test_phase3_english_catalog.TestEnglishStripeCheckout" name="test_eng_semi_checkout[eng_b2_1]" time="0.464" /><testcase classname="backend.tests.test_phase3_english_catalog.TestEnglishStripeCheckout" name="test_eng_semi_checkout[eng_b2_2]" time="0.432" /><testcase classname="backend.tests.test_phase3_english_catalog.TestEnglishStripeCheckout" name="test_eng_full_checkout[eng_a1]" time="0.487" /><testcase classname="backend.tests.test_phase3_english_catalog.TestEnglishStripeCheckout" name="test_eng_full_checkout[eng_a2]" time="0.453" /><testcase classname="backend.tests.test_phase3_english_catalog.TestEnglishStripeCheckout" name="test_eng_full_checkout[eng_b1]" time="0.469" /><testcase classname="backend.tests.test_phase3_english_catalog.TestEnglishStripeCheckout" name="test_eng_full_checkout[eng_b2]" time="0.476" /><testcase classname="backend.tests.test_phase3_english_catalog.TestEnglishStripeCheckout" name="test_eng_vip_sub_checkout[vip_eng_a1_1]" time="0.511" /><testcase classname="backend.tests.test_phase3_english_catalog.TestEnglishStripeCheckout" name="test_eng_vip_sub_checkout[vip_eng_a1_2]" time="0.470" /><testcase classname="backend.tests.test_phase3_english_catalog.TestEnglishStripeCheckout" name="test_eng_vip_sub_checkout[vip_eng_a2_1]" time="0.455" /><testcase classname="backend.tests.test_phase3_english_catalog.TestEnglishStripeCheckout" name="test_eng_vip_sub_checkout[vip_eng_a2_2]" time="0.516" /><testcase classname="backend.tests.test_phase3_english_catalog.TestEnglishStripeCheckout" name="test_eng_vip_sub_checkout[vip_eng_b1_1]" time="0.431" /><testcase classname="backend.tests.test_phase3_english_catalog.TestEnglishStripeCheckout" name="test_eng_vip_sub_checkout[vip_eng_b1_2]" time="0.437" /><testcase classname="backend.tests.test_phase3_english_catalog.TestEnglishStripeCheckout" name="test_eng_vip_sub_checkout[vip_eng_b2_1]" time="0.500" /><testcase classname="backend.tests.test_phase3_english_catalog.TestEnglishStripeCheckout" name="test_eng_vip_sub_checkout[vip_eng_b2_2]" time="0.445" /><testcase classname="backend.tests.test_phase3_english_catalog.TestEnglishStripeCheckout" name="test_eng_vip_sub_checkout[vip_eng_c1_1]" time="0.517" /><testcase classname="backend.tests.test_phase3_english_catalog.TestEnglishStripeCheckout" name="test_eng_vip_sub_checkout[vip_eng_c1_2]" time="0.534" /><testcase classname="backend.tests.test_phase3_english_catalog.TestEnglishStripeCheckout" name="test_eng_vip_full_checkout[vip_eng_a1]" time="0.581" /><testcase classname="backend.tests.test_phase3_english_catalog.TestEnglishStripeCheckout" name="test_eng_vip_full_checkout[vip_eng_a2]" time="0.435" /><testcase classname="backend.tests.test_phase3_english_catalog.TestEnglishStripeCheckout" name="test_eng_vip_full_checkout[vip_eng_b1]" time="0.474" /><testcase classname="backend.tests.test_phase3_english_catalog.TestEnglishStripeCheckout" name="test_eng_vip_full_checkout[vip_eng_b2]" time="0.448" /><testcase classname="backend.tests.test_phase3_english_catalog.TestEnglishStripeCheckout" name="test_eng_vip_full_checkout[vip_eng_c1]" time="0.515" /><testcase classname="backend.tests.test_phase3_english_catalog.TestEnglishStripeCheckout" name="test_eng_bundle_checkout[bundle_eng_a1_a2]" time="0.561" /><testcase classname="backend.tests.test_phase3_english_catalog.TestEnglishStripeCheckout" name="test_eng_bundle_checkout[bundle_eng_a2_b1]" time="0.507" /><testcase classname="backend.tests.test_phase3_english_catalog.TestEnglishStripeCheckout" name="test_eng_bundle_checkout[bundle_eng_b1_b2]" time="0.486" /><testcase classname="backend.tests.test_phase3_english_catalog.TestEnglishStripeCheckout" name="test_eng_bundle_checkout[bundle_eng_a1_b1]" time="0.500" /><testcase classname="backend.tests.test_phase3_english_catalog.TestEnglishStripeCheckout" name="test_eng_bundle_checkout[bundle_eng_a1_b2]" time="0.538" /><testcase classname="backend.tests.test_phase3_english_catalog.TestEnglishStripeCheckout" name="test_eng_bundle_checkout[bundle_eng_a1_c1]" time="0.484" /><testcase classname="backend.tests.test_phase3_english_catalog.TestEnglishStripeCheckout" name="test_eng_bundle_checkout[bundle_eng_a2_b1_b2]" time="0.469" /><testcase classname="backend.tests.test_phase3_english_catalog.TestEnglishStripeCheckout" name="test_eng_bundle_checkout[bundle_eng_a2_c1]" time="0.450" /><testcase classname="backend.tests.test_phase3_english_catalog.TestEnglishStripeCheckout" name="test_eng_bundle_checkout[bundle_eng_b1_c1]" time="0.470" /><testcase classname="backend.tests.test_phase3_english_catalog.TestGermanNonRegression" name="test_german_checkout_still_works[semi_a1_1]" time="0.505" /><testcase classname="backend.tests.test_phase3_english_catalog.TestGermanNonRegression" name="test_german_checkout_still_works[vip_a1_1]" time="0.457" /><testcase classname="backend.tests.test_phase3_english_catalog.TestGermanNonRegression" name="test_german_checkout_still_works[bundle_a1_b1]" time="0.467" /><testcase classname="backend.tests.test_phase3_english_catalog.TestGermanNonRegression" name="test_german_checkout_still_works[vip_b2]" time="0.466" /><testcase classname="backend.tests.test_phase3_english_catalog.TestGermanNonRegression" name="test_german_checkout_still_works[kids_english]" time="0.523" /><testcase classname="backend.tests.test_phase3_english_catalog.TestGermanNonRegression" name="test_unknown_id_rejected" time="0.091" /></testsuite></testsuites>