<?xml version="1.0" encoding="utf-8"?><testsuites name="pytest tests"><testsuite name="pytest" errors="0" failures="0" skipped="0" tests="23" time="7.431" timestamp="2026-06-19T16:57:06.073565+00:00" hostname="agent-env-593002b8-49c7-4061-aef9-af134e366183"><testcase classname="backend.tests.test_phase4_cart.TestCatalogUpsellItems" name="test_registration_fee_in_catalog" time="0.263" /><testcase classname="backend.tests.test_phase4_cart.TestCatalogUpsellItems" name="test_documentation_fee_in_catalog" time="0.102" /><testcase classname="backend.tests.test_phase4_cart.TestCartCRUD" name="test_add_creates_token_and_returns_added_true" time="0.147" /><testcase classname="backend.tests.test_phase4_cart.TestCartCRUD" name="test_add_duplicate_returns_added_false" time="0.264" /><testcase classname="backend.tests.test_phase4_cart.TestCartCRUD" name="test_add_upsell_directly_returns_400" time="0.121" /><testcase classname="backend.tests.test_phase4_cart.TestCartCRUD" name="test_add_unknown_package_returns_400" time="0.124" /><testcase classname="backend.tests.test_phase4_cart.TestCartCRUD" name="test_get_cart_returns_items_and_subtotal" time="0.321" /><testcase classname="backend.tests.test_phase4_cart.TestCartCRUD" name="test_get_cart_empty_token_returns_empty" time="0.114" /><testcase classname="backend.tests.test_phase4_cart.TestCartCRUD" name="test_get_cart_unknown_token_returns_empty" time="0.112" /><testcase classname="backend.tests.test_phase4_cart.TestCartCRUD" name="test_delete_cart_item" time="0.407" /><testcase classname="backend.tests.test_phase4_cart.TestCartUpsell" name="test_upsell_new_customer_is_first_time" time="0.099" /><testcase classname="backend.tests.test_phase4_cart.TestCartUpsell" name="test_upsell_existing_paid_customer_is_not_first_time" time="0.138" /><testcase classname="backend.tests.test_phase4_cart.TestCartCheckout" name="test_checkout_with_upsell_first_time_buyer" time="0.977" /><testcase classname="backend.tests.test_phase4_cart.TestCartCheckout" name="test_checkout_without_upsell" time="0.543" /><testcase classname="backend.tests.test_phase4_cart.TestCartCheckout" name="test_empty_cart_returns_400" time="0.096" /><testcase classname="backend.tests.test_phase4_cart.TestCartCheckout" name="test_mixed_currency_returns_400" time="0.210" /><testcase classname="backend.tests.test_phase4_cart.TestCartFinalizeClientNo" name="test_finalize_real_call_path_exists" time="0.308" /><testcase classname="backend.tests.test_phase4_cart.TestDirectCheckoutRegression" name="test_direct_checkout_still_works[semi_a1_1]" time="0.462" /><testcase classname="backend.tests.test_phase4_cart.TestDirectCheckoutRegression" name="test_direct_checkout_still_works[vip_a1_1]" time="0.631" /><testcase classname="backend.tests.test_phase4_cart.TestDirectCheckoutRegression" name="test_direct_checkout_still_works[bundle_a1_b1]" time="0.498" /><testcase classname="backend.tests.test_phase4_cart.TestDirectCheckoutRegression" name="test_direct_checkout_still_works[eng_a1_1]" time="0.439" /><testcase classname="backend.tests.test_phase4_cart.TestDirectCheckoutRegression" name="test_direct_checkout_still_works[vip_eng_b1_1]" time="0.453" /><testcase classname="backend.tests.test_phase4_cart.TestDirectCheckoutRegression" name="test_direct_checkout_still_works[bundle_eng_a1_b1]" time="0.438" /></testsuite></testsuites>