<?xml version="1.0" encoding="utf-8"?><testsuites name="pytest tests"><testsuite name="pytest" errors="0" failures="0" skipped="0" tests="31" time="12.193" timestamp="2026-06-19T16:07:48.454079+00:00" hostname="agent-env-593002b8-49c7-4061-aef9-af134e366183"><testcase classname="backend.tests.test_phase2_catalog_stripe.TestCatalogNewIds" name="test_catalog_has_new_vip_sublevels" time="0.326" /><testcase classname="backend.tests.test_phase2_catalog_stripe.TestCatalogNewIds" name="test_catalog_has_new_bundles" time="0.000" /><testcase classname="backend.tests.test_phase2_catalog_stripe.TestCatalogNewIds" name="test_catalog_has_kids_english" time="0.000" /><testcase classname="backend.tests.test_phase2_catalog_stripe.TestCatalogNewIds" name="test_catalog_has_vip_full_new" time="0.000" /><testcase classname="backend.tests.test_phase2_catalog_stripe.TestCatalogNewIds" name="test_catalog_amounts_correct" time="0.000" /><testcase classname="backend.tests.test_phase2_catalog_stripe.TestCatalogNewIds" name="test_catalog_currency_xof" time="0.000" /><testcase classname="backend.tests.test_phase2_catalog_stripe.TestCatalogNewIds" name="test_legacy_bundle_alias_kept" time="0.000" /><testcase classname="backend.tests.test_phase2_catalog_stripe.TestStripeCheckoutNewIds" name="test_bundle_checkout_creates_stripe_session[bundle_a1_a2]" time="0.658" /><testcase classname="backend.tests.test_phase2_catalog_stripe.TestStripeCheckoutNewIds" name="test_bundle_checkout_creates_stripe_session[bundle_a2_b1]" time="0.580" /><testcase classname="backend.tests.test_phase2_catalog_stripe.TestStripeCheckoutNewIds" name="test_bundle_checkout_creates_stripe_session[bundle_b1_b2]" time="0.439" /><testcase classname="backend.tests.test_phase2_catalog_stripe.TestStripeCheckoutNewIds" name="test_bundle_checkout_creates_stripe_session[bundle_a1_b1]" time="0.504" /><testcase classname="backend.tests.test_phase2_catalog_stripe.TestStripeCheckoutNewIds" name="test_bundle_checkout_creates_stripe_session[bundle_a1_b2]" time="0.477" /><testcase classname="backend.tests.test_phase2_catalog_stripe.TestStripeCheckoutNewIds" name="test_bundle_checkout_creates_stripe_session[bundle_a1_c1]" time="0.503" /><testcase classname="backend.tests.test_phase2_catalog_stripe.TestStripeCheckoutNewIds" name="test_bundle_checkout_creates_stripe_session[bundle_a2_b1_b2]" time="0.496" /><testcase classname="backend.tests.test_phase2_catalog_stripe.TestStripeCheckoutNewIds" name="test_bundle_checkout_creates_stripe_session[bundle_a2_c1]" time="0.453" /><testcase classname="backend.tests.test_phase2_catalog_stripe.TestStripeCheckoutNewIds" name="test_bundle_checkout_creates_stripe_session[bundle_b1_c1]" time="0.485" /><testcase classname="backend.tests.test_phase2_catalog_stripe.TestStripeCheckoutNewIds" name="test_vip_sublevel_checkout_creates_stripe_session[vip_a1_1]" time="0.503" /><testcase classname="backend.tests.test_phase2_catalog_stripe.TestStripeCheckoutNewIds" name="test_vip_sublevel_checkout_creates_stripe_session[vip_a1_2]" time="0.535" /><testcase classname="backend.tests.test_phase2_catalog_stripe.TestStripeCheckoutNewIds" name="test_vip_sublevel_checkout_creates_stripe_session[vip_a2_1]" time="0.526" /><testcase classname="backend.tests.test_phase2_catalog_stripe.TestStripeCheckoutNewIds" name="test_vip_sublevel_checkout_creates_stripe_session[vip_a2_2]" time="0.565" /><testcase classname="backend.tests.test_phase2_catalog_stripe.TestStripeCheckoutNewIds" name="test_vip_sublevel_checkout_creates_stripe_session[vip_b1_1]" time="0.487" /><testcase classname="backend.tests.test_phase2_catalog_stripe.TestStripeCheckoutNewIds" name="test_vip_sublevel_checkout_creates_stripe_session[vip_b1_2]" time="0.474" /><testcase classname="backend.tests.test_phase2_catalog_stripe.TestStripeCheckoutNewIds" name="test_vip_sublevel_checkout_creates_stripe_session[vip_b2_1]" time="0.513" /><testcase classname="backend.tests.test_phase2_catalog_stripe.TestStripeCheckoutNewIds" name="test_vip_sublevel_checkout_creates_stripe_session[vip_b2_2]" time="0.513" /><testcase classname="backend.tests.test_phase2_catalog_stripe.TestStripeCheckoutNewIds" name="test_vip_sublevel_checkout_creates_stripe_session[vip_c1_1]" time="0.495" /><testcase classname="backend.tests.test_phase2_catalog_stripe.TestStripeCheckoutNewIds" name="test_vip_sublevel_checkout_creates_stripe_session[vip_c1_2]" time="0.484" /><testcase classname="backend.tests.test_phase2_catalog_stripe.TestStripeCheckoutNewIds" name="test_other_new_ids_checkout[vip_b2]" time="0.456" /><testcase classname="backend.tests.test_phase2_catalog_stripe.TestStripeCheckoutNewIds" name="test_other_new_ids_checkout[vip_c1]" time="0.541" /><testcase classname="backend.tests.test_phase2_catalog_stripe.TestStripeCheckoutNewIds" name="test_other_new_ids_checkout[kids_english]" time="0.467" /><testcase classname="backend.tests.test_phase2_catalog_stripe.TestStripeCheckoutNewIds" name="test_other_new_ids_checkout[kids_english_reg]" time="0.519" /><testcase classname="backend.tests.test_phase2_catalog_stripe.TestStripeCheckoutNewIds" name="test_unknown_package_rejected" time="0.101" /></testsuite></testsuites>