<?xml version="1.0" encoding="utf-8"?><testsuites name="pytest tests"><testsuite name="pytest" errors="0" failures="0" skipped="0" tests="16" time="6.783" timestamp="2026-06-13T11:37:06.798069+00:00" hostname="agent-env-593002b8-49c7-4061-aef9-af134e366183"><testcase classname="backend.tests.backend_test.TestHealth" name="test_root" time="0.186" /><testcase classname="backend.tests.backend_test.TestAuth" name="test_register_returns_user_and_sets_cookies" time="0.370" /><testcase classname="backend.tests.backend_test.TestAuth" name="test_register_duplicate_email_returns_400" time="0.524" /><testcase classname="backend.tests.backend_test.TestAuth" name="test_login_admin_success" time="0.311" /><testcase classname="backend.tests.backend_test.TestAuth" name="test_login_wrong_password_returns_401" time="0.312" /><testcase classname="backend.tests.backend_test.TestAuth" name="test_me_without_cookie_returns_401" time="0.090" /><testcase classname="backend.tests.backend_test.TestAuth" name="test_me_with_cookie_returns_user" time="0.392" /><testcase classname="backend.tests.backend_test.TestAuth" name="test_logout_clears_cookies" time="0.523" /><testcase classname="backend.tests.backend_test.TestContact" name="test_create_contact_persists_and_returns_ok" time="0.453" /><testcase classname="backend.tests.backend_test.TestContact" name="test_contact_list_unauth_returns_401" time="0.105" /><testcase classname="backend.tests.backend_test.TestContact" name="test_contact_list_student_returns_403" time="0.364" /><testcase classname="backend.tests.backend_test.TestCatalog" name="test_catalog_returns_all_required_packages" time="0.088" /><testcase classname="backend.tests.backend_test.TestPayments" name="test_checkout_session_valid_semi_a1_1" time="0.649" /><testcase classname="backend.tests.backend_test.TestPayments" name="test_checkout_session_valid_prep_goethe" time="0.450" /><testcase classname="backend.tests.backend_test.TestPayments" name="test_checkout_session_invalid_package_returns_400" time="0.102" /><testcase classname="backend.tests.backend_test.TestPayments" name="test_checkout_status_for_valid_session" time="1.777" /></testsuite></testsuites>